[MODBUS]2022/06/09 - 16:52:17.996	[34minfo[0m	register table success
[MODBUS]2022/06/09 - 19:32:27.556	[31merror[0m	å®šæ—¶ä»MySQLæ•°æ®åº“ä¸­è·å–é‡‡é›†ç‚¹ä¿¡æ¯æ‰§è¡Œå¤±è´¥	{"err": "Error 1146: Table 'evernote.collect_points' doesn't exist"}
[MODBUS]2022/06/09 - 19:59:06.107	[34minfo[0m	register table success
[MODBUS]2022/06/09 - 19:59:06.110	[31merror[0m	ä»MySQLæ•°æ®åº“ä¸­è·å–é‡‡é›†ç‚¹ä¿¡æ¯æ‰§è¡Œå¤±è´¥	{"err": "Error 1146: Table 'evernote.collect_points' doesn't exist"}
[MODBUS]2022/06/09 - 20:00:02.021	[31merror[0m	MySQLè¿æ¥å¼‚å¸¸	{"err": "Error 1044: Access denied for user 'evernote'@'localhost' to database 'energymng'"}
[MODBUS]2022/06/09 - 20:15:44.643	[34minfo[0m	register table success
[MODBUS]2022/06/09 - 20:15:44.646	[31merror[0m	ä»MySQLæ•°æ®åº“ä¸­è·å–é‡‡é›†ç‚¹ä¿¡æ¯æ‰§è¡Œå¤±è´¥	{"err": "Error 1146: Table 'energymng.collect_points' doesn't exist"}
[MODBUS]2022/06/09 - 22:00:27.640	[34minfo[0m	register table success
[MODBUS]2022/06/09 - 22:00:27.646	[31merror[0m	ä»MySQLæ•°æ®åº“ä¸­è·å–é‡‡é›†ç‚¹ä¿¡æ¯æ‰§è¡Œå¤±è´¥	{"err": "sql: Scan error on column index 17, name \"del_flag\": sql/driver: couldn't convert \"3\" into type bool"}
[MODBUS]2022/06/09 - 22:01:53.129	[34minfo[0m	register table success
[MODBUS]2022/06/09 - 22:11:58.754	[34minfo[0m	register table success
[MODBUS]2022/06/09 - 22:15:18.279	[34minfo[0m	register table success
[MODBUS]2022/06/09 - 22:17:22.539	[34minfo[0m	register table success
[MODBUS]2022/06/09 - 22:18:38.934	[34minfo[0m	register table success
[MODBUS]2022/06/09 - 22:19:32.191	[34minfo[0m	register table success
[MODBUS]2022/06/09 - 22:19:32.553	[31merror[0m	æ’å…¥æ•°æ®å¤±è´¥	{"err": "Error 1292: Incorrect datetime value: '0000-00-00' for column 'ts' at row 1"}
[MODBUS]2022/06/09 - 22:19:32.556	[31merror[0m	æ’å…¥æ•°æ®å¤±è´¥	{"err": "Error 1292: Incorrect datetime value: '0000-00-00' for column 'ts' at row 1"}
[MODBUS]2022/06/09 - 22:19:32.558	[31merror[0m	æ’å…¥æ•°æ®å¤±è´¥	{"err": "Error 1292: Incorrect datetime value: '0000-00-00' for column 'ts' at row 1"}
[MODBUS]2022/06/09 - 22:21:23.575	[34minfo[0m	register table success
[MODBUS]2022/06/09 - 22:21:24.059	[31merror[0m	æ’å…¥æ•°æ®å¤±è´¥	{"err": "Error 1292: Incorrect datetime value: '0000-00-00' for column 'pts' at row 1"}
[MODBUS]2022/06/09 - 22:21:24.062	[31merror[0m	æ’å…¥æ•°æ®å¤±è´¥	{"err": "Error 1292: Incorrect datetime value: '0000-00-00' for column 'pts' at row 1"}
[MODBUS]2022/06/09 - 22:21:24.065	[31merror[0m	æ’å…¥æ•°æ®å¤±è´¥	{"err": "Error 1292: Incorrect datetime value: '0000-00-00' for column 'pts' at row 1"}
[MODBUS]2022/06/09 - 22:22:34.275	[34minfo[0m	register table success
[MODBUS]2022/06/09 - 22:23:59.823	[34minfo[0m	register table success
[MODBUS]2022/06/09 - 22:34:20.783	[34minfo[0m	register table success
[MODBUS]2022/06/09 - 22:39:52.280	[34minfo[0m	register table success
[MODBUS]2022/06/09 - 22:41:44.503	[34minfo[0m	register table success
[MODBUS]2022/06/09 - 22:44:32.309	[34minfo[0m	register table success
